app/build/intermediates/manifest_merge_blame_file/debug/manifest-merger-blame-debug-report.txt
1<?xml version="1.0" encoding="utf-8"?>
2<manifest xmlns:android="http://schemas.android.com/apk/res/android"
3    package="com.pouillos.mypilulier"
4    android:versionCode="1"
5    android:versionName="1.0" >
6
7    <uses-sdk
8        android:minSdkVersion="24"
8-->src\main\AndroidManifest.xml
9        android:targetSdkVersion="28" />
9-->src\main\AndroidManifest.xml
10
11    <uses-permission android:name="android.permission.EXPAND_STATUS_BAR" />
11-->[com.github.jakebonk:NotifyMe:1.0.1] AndroidManifest.xml:11:5-76
11-->[com.github.jakebonk:NotifyMe:1.0.1] AndroidManifest.xml:11:22-73
12
13    <application
13-->src\main\AndroidManifest.xml:5:5-40:19
14        android:name="com.pouillos.mypilulier.MyApp"
14-->src\main\AndroidManifest.xml:6:9-30
15        android:allowBackup="true"
15-->src\main\AndroidManifest.xml:7:9-35
16        android:appComponentFactory="androidx.core.app.CoreComponentFactory"
16-->[androidx.core:core:1.3.1] AndroidManifest.xml:24:18-86
17        android:debuggable="true"
18        android:extractNativeLibs="false"
19        android:icon="@mipmap/icons8_main_pilule"
19-->src\main\AndroidManifest.xml:9:9-50
20        android:label="@string/app_name"
20-->src\main\AndroidManifest.xml:10:9-41
21        android:roundIcon="@mipmap/icons8_main_pilule"
21-->src\main\AndroidManifest.xml:11:9-55
22        android:supportsRtl="true"
22-->src\main\AndroidManifest.xml:12:9-35
23        android:testOnly="true"
24        android:theme="@style/AppTheme" >
24-->src\main\AndroidManifest.xml:13:9-40
25        <meta-data
25-->src\main\AndroidManifest.xml:15:9-17:46
26            android:name="DATABASE"
26-->src\main\AndroidManifest.xml:16:13-36
27            android:value="my_pilulier.db" />
27-->src\main\AndroidManifest.xml:17:13-43
28        <meta-data
28-->src\main\AndroidManifest.xml:18:9-20:33
29            android:name="VERSION"
29-->src\main\AndroidManifest.xml:19:13-35
30            android:value="1" />
30-->src\main\AndroidManifest.xml:20:13-30
31        <meta-data
31-->src\main\AndroidManifest.xml:21:9-23:36
32            android:name="QUERY_LOG"
32-->src\main\AndroidManifest.xml:22:13-37
33            android:value="true" />
33-->src\main\AndroidManifest.xml:23:13-33
34        <meta-data
34-->src\main\AndroidManifest.xml:24:9-26:55
35            android:name="DOMAIN_PACKAGE_NAME"
35-->src\main\AndroidManifest.xml:25:13-47
36            android:value="com.pouillos.mypilulier" />
36-->src\main\AndroidManifest.xml:26:13-52
37
38        <activity
38-->src\main\AndroidManifest.xml:28:9-29:56
39            android:name="com.pouillos.mypilulier.activities.add.AddPrescriptionActivity"
39-->src\main\AndroidManifest.xml:28:19-73
40            android:windowSoftInputMode="stateHidden" />
40-->src\main\AndroidManifest.xml:29:13-54
41        <activity android:name="com.pouillos.mypilulier.activities.AccueilActivity" >
41-->src\main\AndroidManifest.xml:31:9-36:20
41-->src\main\AndroidManifest.xml:31:19-61
42            <intent-filter>
42-->src\main\AndroidManifest.xml:32:13-35:29
43                <action android:name="android.intent.action.MAIN" />
43-->src\main\AndroidManifest.xml:33:17-69
43-->src\main\AndroidManifest.xml:33:25-66
44
45                <category android:name="android.intent.category.LAUNCHER" />
45-->src\main\AndroidManifest.xml:34:17-77
45-->src\main\AndroidManifest.xml:34:27-74
46            </intent-filter>
47        </activity>
48        <activity android:name="com.pouillos.mypilulier.activities.tools.ImportMedicamentActivity" />
48-->src\main\AndroidManifest.xml:38:9-79
48-->src\main\AndroidManifest.xml:38:19-76
49
50        <receiver
50-->[com.github.jakebonk:NotifyMe:1.0.1] AndroidManifest.xml:14:9-17:39
51            android:name="com.allyants.notifyme.BootNotifyMe"
51-->[com.github.jakebonk:NotifyMe:1.0.1] AndroidManifest.xml:15:13-62
52            android:enabled="true"
52-->[com.github.jakebonk:NotifyMe:1.0.1] AndroidManifest.xml:16:13-35
53            android:exported="true" />
53-->[com.github.jakebonk:NotifyMe:1.0.1] AndroidManifest.xml:17:13-36
54        <receiver
54-->[com.github.jakebonk:NotifyMe:1.0.1] AndroidManifest.xml:18:9-21:39
55            android:name="com.allyants.notifyme.ActionReceiver"
55-->[com.github.jakebonk:NotifyMe:1.0.1] AndroidManifest.xml:19:13-64
56            android:enabled="true"
56-->[com.github.jakebonk:NotifyMe:1.0.1] AndroidManifest.xml:20:13-35
57            android:exported="true" />
57-->[com.github.jakebonk:NotifyMe:1.0.1] AndroidManifest.xml:21:13-36
58        <receiver
58-->[com.github.jakebonk:NotifyMe:1.0.1] AndroidManifest.xml:22:9-25:39
59            android:name="com.allyants.notifyme.DeletePendingIntent"
59-->[com.github.jakebonk:NotifyMe:1.0.1] AndroidManifest.xml:23:13-69
60            android:enabled="true"
60-->[com.github.jakebonk:NotifyMe:1.0.1] AndroidManifest.xml:24:13-35
61            android:exported="true" />
61-->[com.github.jakebonk:NotifyMe:1.0.1] AndroidManifest.xml:25:13-36
62
63        <provider
63-->[androidx.lifecycle:lifecycle-process:2.2.0] AndroidManifest.xml:25:9-29:43
64            android:name="androidx.lifecycle.ProcessLifecycleOwnerInitializer"
64-->[androidx.lifecycle:lifecycle-process:2.2.0] AndroidManifest.xml:26:13-79
65            android:authorities="com.pouillos.mypilulier.lifecycle-process"
65-->[androidx.lifecycle:lifecycle-process:2.2.0] AndroidManifest.xml:27:13-69
66            android:exported="false"
66-->[androidx.lifecycle:lifecycle-process:2.2.0] AndroidManifest.xml:28:13-37
67            android:multiprocess="true" />
67-->[androidx.lifecycle:lifecycle-process:2.2.0] AndroidManifest.xml:29:13-40
68    </application>
69
70</manifest>